[2026-03-11T20:09:05.096+0000] {processor.py:186} INFO - Started process (PID=167) to work on /opt/airflow/dags/example_pipeline.py
[2026-03-11T20:09:05.099+0000] {processor.py:914} INFO - Processing file /opt/airflow/dags/example_pipeline.py for tasks to queue
[2026-03-11T20:09:05.106+0000] {logging_mixin.py:190} INFO - [2026-03-11T20:09:05.105+0000] {dagbag.py:588} INFO - Filling up the DagBag from /opt/airflow/dags/example_pipeline.py
[2026-03-11T20:09:05.170+0000] {processor.py:925} INFO - DAG(s) 'example_pipeline' retrieved from /opt/airflow/dags/example_pipeline.py
[2026-03-11T20:09:05.508+0000] {logging_mixin.py:190} INFO - [2026-03-11T20:09:05.508+0000] {override.py:1911} INFO - Created Permission View: can edit on DAG:example_pipeline
[2026-03-11T20:09:05.522+0000] {logging_mixin.py:190} INFO - [2026-03-11T20:09:05.521+0000] {override.py:1911} INFO - Created Permission View: can delete on DAG:example_pipeline
[2026-03-11T20:09:05.533+0000] {logging_mixin.py:190} INFO - [2026-03-11T20:09:05.533+0000] {override.py:1911} INFO - Created Permission View: can read on DAG:example_pipeline
[2026-03-11T20:09:05.551+0000] {logging_mixin.py:190} INFO - [2026-03-11T20:09:05.551+0000] {override.py:1911} INFO - Created Permission View: menu access on DAG Run:example_pipeline
[2026-03-11T20:09:05.559+0000] {logging_mixin.py:190} INFO - [2026-03-11T20:09:05.559+0000] {override.py:1911} INFO - Created Permission View: can delete on DAG Run:example_pipeline
[2026-03-11T20:09:05.567+0000] {logging_mixin.py:190} INFO - [2026-03-11T20:09:05.566+0000] {override.py:1911} INFO - Created Permission View: can create on DAG Run:example_pipeline
[2026-03-11T20:09:05.575+0000] {logging_mixin.py:190} INFO - [2026-03-11T20:09:05.574+0000] {override.py:1911} INFO - Created Permission View: can read on DAG Run:example_pipeline
[2026-03-11T20:09:05.576+0000] {logging_mixin.py:190} INFO - [2026-03-11T20:09:05.575+0000] {dag.py:3239} INFO - Sync 1 DAGs
[2026-03-11T20:09:05.596+0000] {logging_mixin.py:190} INFO - [2026-03-11T20:09:05.596+0000] {dag.py:3262} INFO - Creating ORM DAG for example_pipeline
[2026-03-11T20:09:05.598+0000] {logging_mixin.py:190} INFO - [2026-03-11T20:09:05.598+0000] {dag.py:4180} INFO - Setting next_dagrun for example_pipeline to None, run_after=None
[2026-03-11T20:09:05.630+0000] {processor.py:208} INFO - Processing /opt/airflow/dags/example_pipeline.py took 0.554 seconds
[2026-03-11T20:09:35.890+0000] {processor.py:186} INFO - Started process (PID=172) to work on /opt/airflow/dags/example_pipeline.py
[2026-03-11T20:09:35.894+0000] {processor.py:914} INFO - Processing file /opt/airflow/dags/example_pipeline.py for tasks to queue
[2026-03-11T20:09:35.903+0000] {logging_mixin.py:190} INFO - [2026-03-11T20:09:35.902+0000] {dagbag.py:588} INFO - Filling up the DagBag from /opt/airflow/dags/example_pipeline.py
[2026-03-11T20:09:35.940+0000] {processor.py:925} INFO - DAG(s) 'example_pipeline' retrieved from /opt/airflow/dags/example_pipeline.py
[2026-03-11T20:09:35.999+0000] {logging_mixin.py:190} INFO - [2026-03-11T20:09:35.998+0000] {dag.py:3239} INFO - Sync 1 DAGs
[2026-03-11T20:09:36.036+0000] {logging_mixin.py:190} INFO - [2026-03-11T20:09:36.035+0000] {dag.py:4180} INFO - Setting next_dagrun for example_pipeline to None, run_after=None
[2026-03-11T20:09:36.064+0000] {processor.py:208} INFO - Processing /opt/airflow/dags/example_pipeline.py took 0.195 seconds
[2026-03-11T20:10:06.137+0000] {processor.py:186} INFO - Started process (PID=177) to work on /opt/airflow/dags/example_pipeline.py
[2026-03-11T20:10:06.138+0000] {processor.py:914} INFO - Processing file /opt/airflow/dags/example_pipeline.py for tasks to queue
[2026-03-11T20:10:06.141+0000] {logging_mixin.py:190} INFO - [2026-03-11T20:10:06.141+0000] {dagbag.py:588} INFO - Filling up the DagBag from /opt/airflow/dags/example_pipeline.py
[2026-03-11T20:10:06.174+0000] {processor.py:925} INFO - DAG(s) 'example_pipeline' retrieved from /opt/airflow/dags/example_pipeline.py
[2026-03-11T20:10:06.208+0000] {logging_mixin.py:190} INFO - [2026-03-11T20:10:06.207+0000] {dag.py:3239} INFO - Sync 1 DAGs
[2026-03-11T20:10:06.222+0000] {logging_mixin.py:190} INFO - [2026-03-11T20:10:06.222+0000] {dag.py:4180} INFO - Setting next_dagrun for example_pipeline to None, run_after=None
[2026-03-11T20:10:06.257+0000] {processor.py:208} INFO - Processing /opt/airflow/dags/example_pipeline.py took 0.127 seconds
[2026-03-11T20:10:36.511+0000] {processor.py:186} INFO - Started process (PID=182) to work on /opt/airflow/dags/example_pipeline.py
[2026-03-11T20:10:36.512+0000] {processor.py:914} INFO - Processing file /opt/airflow/dags/example_pipeline.py for tasks to queue
[2026-03-11T20:10:36.524+0000] {logging_mixin.py:190} INFO - [2026-03-11T20:10:36.524+0000] {dagbag.py:588} INFO - Filling up the DagBag from /opt/airflow/dags/example_pipeline.py
[2026-03-11T20:10:36.557+0000] {processor.py:925} INFO - DAG(s) 'example_pipeline' retrieved from /opt/airflow/dags/example_pipeline.py
[2026-03-11T20:10:36.583+0000] {logging_mixin.py:190} INFO - [2026-03-11T20:10:36.582+0000] {dag.py:3239} INFO - Sync 1 DAGs
[2026-03-11T20:10:36.596+0000] {logging_mixin.py:190} INFO - [2026-03-11T20:10:36.596+0000] {dag.py:4180} INFO - Setting next_dagrun for example_pipeline to None, run_after=None
[2026-03-11T20:10:36.618+0000] {processor.py:208} INFO - Processing /opt/airflow/dags/example_pipeline.py took 0.128 seconds
[2026-03-11T20:11:06.731+0000] {processor.py:186} INFO - Started process (PID=187) to work on /opt/airflow/dags/example_pipeline.py
[2026-03-11T20:11:06.731+0000] {processor.py:914} INFO - Processing file /opt/airflow/dags/example_pipeline.py for tasks to queue
[2026-03-11T20:11:06.734+0000] {logging_mixin.py:190} INFO - [2026-03-11T20:11:06.733+0000] {dagbag.py:588} INFO - Filling up the DagBag from /opt/airflow/dags/example_pipeline.py
[2026-03-11T20:11:06.752+0000] {processor.py:925} INFO - DAG(s) 'example_pipeline' retrieved from /opt/airflow/dags/example_pipeline.py
[2026-03-11T20:11:06.781+0000] {logging_mixin.py:190} INFO - [2026-03-11T20:11:06.781+0000] {dag.py:3239} INFO - Sync 1 DAGs
[2026-03-11T20:11:06.794+0000] {logging_mixin.py:190} INFO - [2026-03-11T20:11:06.794+0000] {dag.py:4180} INFO - Setting next_dagrun for example_pipeline to None, run_after=None
[2026-03-11T20:11:06.812+0000] {processor.py:208} INFO - Processing /opt/airflow/dags/example_pipeline.py took 0.086 seconds
[2026-03-11T20:11:36.968+0000] {processor.py:186} INFO - Started process (PID=192) to work on /opt/airflow/dags/example_pipeline.py
[2026-03-11T20:11:36.970+0000] {processor.py:914} INFO - Processing file /opt/airflow/dags/example_pipeline.py for tasks to queue
[2026-03-11T20:11:36.972+0000] {logging_mixin.py:190} INFO - [2026-03-11T20:11:36.972+0000] {dagbag.py:588} INFO - Filling up the DagBag from /opt/airflow/dags/example_pipeline.py
[2026-03-11T20:11:37.000+0000] {processor.py:925} INFO - DAG(s) 'example_pipeline' retrieved from /opt/airflow/dags/example_pipeline.py
[2026-03-11T20:11:37.030+0000] {logging_mixin.py:190} INFO - [2026-03-11T20:11:37.030+0000] {dag.py:3239} INFO - Sync 1 DAGs
[2026-03-11T20:11:37.044+0000] {logging_mixin.py:190} INFO - [2026-03-11T20:11:37.044+0000] {dag.py:4180} INFO - Setting next_dagrun for example_pipeline to None, run_after=None
[2026-03-11T20:11:37.065+0000] {processor.py:208} INFO - Processing /opt/airflow/dags/example_pipeline.py took 0.102 seconds
[2026-03-11T20:12:07.268+0000] {processor.py:186} INFO - Started process (PID=197) to work on /opt/airflow/dags/example_pipeline.py
[2026-03-11T20:12:07.269+0000] {processor.py:914} INFO - Processing file /opt/airflow/dags/example_pipeline.py for tasks to queue
[2026-03-11T20:12:07.272+0000] {logging_mixin.py:190} INFO - [2026-03-11T20:12:07.272+0000] {dagbag.py:588} INFO - Filling up the DagBag from /opt/airflow/dags/example_pipeline.py
[2026-03-11T20:12:07.295+0000] {processor.py:925} INFO - DAG(s) 'example_pipeline' retrieved from /opt/airflow/dags/example_pipeline.py
[2026-03-11T20:12:07.320+0000] {logging_mixin.py:190} INFO - [2026-03-11T20:12:07.320+0000] {dag.py:3239} INFO - Sync 1 DAGs
[2026-03-11T20:12:07.333+0000] {logging_mixin.py:190} INFO - [2026-03-11T20:12:07.332+0000] {dag.py:4180} INFO - Setting next_dagrun for example_pipeline to None, run_after=None
[2026-03-11T20:12:07.353+0000] {processor.py:208} INFO - Processing /opt/airflow/dags/example_pipeline.py took 0.091 seconds
[2026-03-11T20:12:37.517+0000] {processor.py:186} INFO - Started process (PID=202) to work on /opt/airflow/dags/example_pipeline.py
[2026-03-11T20:12:37.517+0000] {processor.py:914} INFO - Processing file /opt/airflow/dags/example_pipeline.py for tasks to queue
[2026-03-11T20:12:37.519+0000] {logging_mixin.py:190} INFO - [2026-03-11T20:12:37.519+0000] {dagbag.py:588} INFO - Filling up the DagBag from /opt/airflow/dags/example_pipeline.py
[2026-03-11T20:12:37.537+0000] {processor.py:925} INFO - DAG(s) 'example_pipeline' retrieved from /opt/airflow/dags/example_pipeline.py
[2026-03-11T20:12:37.561+0000] {logging_mixin.py:190} INFO - [2026-03-11T20:12:37.561+0000] {dag.py:3239} INFO - Sync 1 DAGs
[2026-03-11T20:12:37.574+0000] {logging_mixin.py:190} INFO - [2026-03-11T20:12:37.574+0000] {dag.py:4180} INFO - Setting next_dagrun for example_pipeline to None, run_after=None
[2026-03-11T20:12:37.593+0000] {processor.py:208} INFO - Processing /opt/airflow/dags/example_pipeline.py took 0.082 seconds
[2026-03-11T20:13:07.840+0000] {processor.py:186} INFO - Started process (PID=207) to work on /opt/airflow/dags/example_pipeline.py
[2026-03-11T20:13:07.841+0000] {processor.py:914} INFO - Processing file /opt/airflow/dags/example_pipeline.py for tasks to queue
[2026-03-11T20:13:07.843+0000] {logging_mixin.py:190} INFO - [2026-03-11T20:13:07.843+0000] {dagbag.py:588} INFO - Filling up the DagBag from /opt/airflow/dags/example_pipeline.py
[2026-03-11T20:13:07.870+0000] {processor.py:925} INFO - DAG(s) 'example_pipeline' retrieved from /opt/airflow/dags/example_pipeline.py
[2026-03-11T20:13:07.893+0000] {logging_mixin.py:190} INFO - [2026-03-11T20:13:07.893+0000] {dag.py:3239} INFO - Sync 1 DAGs
[2026-03-11T20:13:07.904+0000] {logging_mixin.py:190} INFO - [2026-03-11T20:13:07.904+0000] {dag.py:4180} INFO - Setting next_dagrun for example_pipeline to None, run_after=None
[2026-03-11T20:13:07.922+0000] {processor.py:208} INFO - Processing /opt/airflow/dags/example_pipeline.py took 0.088 seconds
[2026-03-11T20:13:38.043+0000] {processor.py:186} INFO - Started process (PID=212) to work on /opt/airflow/dags/example_pipeline.py
[2026-03-11T20:13:38.044+0000] {processor.py:914} INFO - Processing file /opt/airflow/dags/example_pipeline.py for tasks to queue
[2026-03-11T20:13:38.047+0000] {logging_mixin.py:190} INFO - [2026-03-11T20:13:38.047+0000] {dagbag.py:588} INFO - Filling up the DagBag from /opt/airflow/dags/example_pipeline.py
[2026-03-11T20:13:38.066+0000] {processor.py:925} INFO - DAG(s) 'example_pipeline' retrieved from /opt/airflow/dags/example_pipeline.py
[2026-03-11T20:13:38.094+0000] {logging_mixin.py:190} INFO - [2026-03-11T20:13:38.094+0000] {dag.py:3239} INFO - Sync 1 DAGs
[2026-03-11T20:13:38.107+0000] {logging_mixin.py:190} INFO - [2026-03-11T20:13:38.106+0000] {dag.py:4180} INFO - Setting next_dagrun for example_pipeline to None, run_after=None
[2026-03-11T20:13:38.125+0000] {processor.py:208} INFO - Processing /opt/airflow/dags/example_pipeline.py took 0.086 seconds
[2026-03-11T20:14:08.386+0000] {processor.py:186} INFO - Started process (PID=217) to work on /opt/airflow/dags/example_pipeline.py
[2026-03-11T20:14:08.387+0000] {processor.py:914} INFO - Processing file /opt/airflow/dags/example_pipeline.py for tasks to queue
[2026-03-11T20:14:08.390+0000] {logging_mixin.py:190} INFO - [2026-03-11T20:14:08.390+0000] {dagbag.py:588} INFO - Filling up the DagBag from /opt/airflow/dags/example_pipeline.py
[2026-03-11T20:14:08.410+0000] {processor.py:925} INFO - DAG(s) 'example_pipeline' retrieved from /opt/airflow/dags/example_pipeline.py
[2026-03-11T20:14:08.433+0000] {logging_mixin.py:190} INFO - [2026-03-11T20:14:08.433+0000] {dag.py:3239} INFO - Sync 1 DAGs
[2026-03-11T20:14:08.447+0000] {logging_mixin.py:190} INFO - [2026-03-11T20:14:08.446+0000] {dag.py:4180} INFO - Setting next_dagrun for example_pipeline to None, run_after=None
[2026-03-11T20:14:08.465+0000] {processor.py:208} INFO - Processing /opt/airflow/dags/example_pipeline.py took 0.084 seconds
[2026-03-11T20:14:38.620+0000] {processor.py:186} INFO - Started process (PID=222) to work on /opt/airflow/dags/example_pipeline.py
[2026-03-11T20:14:38.621+0000] {processor.py:914} INFO - Processing file /opt/airflow/dags/example_pipeline.py for tasks to queue
[2026-03-11T20:14:38.623+0000] {logging_mixin.py:190} INFO - [2026-03-11T20:14:38.623+0000] {dagbag.py:588} INFO - Filling up the DagBag from /opt/airflow/dags/example_pipeline.py
[2026-03-11T20:14:38.647+0000] {processor.py:925} INFO - DAG(s) 'example_pipeline' retrieved from /opt/airflow/dags/example_pipeline.py
[2026-03-11T20:14:38.672+0000] {logging_mixin.py:190} INFO - [2026-03-11T20:14:38.672+0000] {dag.py:3239} INFO - Sync 1 DAGs
[2026-03-11T20:14:38.684+0000] {logging_mixin.py:190} INFO - [2026-03-11T20:14:38.684+0000] {dag.py:4180} INFO - Setting next_dagrun for example_pipeline to None, run_after=None
[2026-03-11T20:14:38.704+0000] {processor.py:208} INFO - Processing /opt/airflow/dags/example_pipeline.py took 0.088 seconds
[2026-03-11T20:15:08.939+0000] {processor.py:186} INFO - Started process (PID=227) to work on /opt/airflow/dags/example_pipeline.py
[2026-03-11T20:15:08.940+0000] {processor.py:914} INFO - Processing file /opt/airflow/dags/example_pipeline.py for tasks to queue
[2026-03-11T20:15:08.943+0000] {logging_mixin.py:190} INFO - [2026-03-11T20:15:08.943+0000] {dagbag.py:588} INFO - Filling up the DagBag from /opt/airflow/dags/example_pipeline.py
[2026-03-11T20:15:08.964+0000] {processor.py:925} INFO - DAG(s) 'example_pipeline' retrieved from /opt/airflow/dags/example_pipeline.py
[2026-03-11T20:15:08.985+0000] {logging_mixin.py:190} INFO - [2026-03-11T20:15:08.984+0000] {dag.py:3239} INFO - Sync 1 DAGs
[2026-03-11T20:15:08.996+0000] {logging_mixin.py:190} INFO - [2026-03-11T20:15:08.996+0000] {dag.py:4180} INFO - Setting next_dagrun for example_pipeline to None, run_after=None
[2026-03-11T20:15:09.014+0000] {processor.py:208} INFO - Processing /opt/airflow/dags/example_pipeline.py took 0.080 seconds
[2026-03-11T20:15:39.159+0000] {processor.py:186} INFO - Started process (PID=232) to work on /opt/airflow/dags/example_pipeline.py
[2026-03-11T20:15:39.160+0000] {processor.py:914} INFO - Processing file /opt/airflow/dags/example_pipeline.py for tasks to queue
[2026-03-11T20:15:39.163+0000] {logging_mixin.py:190} INFO - [2026-03-11T20:15:39.162+0000] {dagbag.py:588} INFO - Filling up the DagBag from /opt/airflow/dags/example_pipeline.py
[2026-03-11T20:15:39.182+0000] {processor.py:925} INFO - DAG(s) 'example_pipeline' retrieved from /opt/airflow/dags/example_pipeline.py
[2026-03-11T20:15:39.208+0000] {logging_mixin.py:190} INFO - [2026-03-11T20:15:39.208+0000] {dag.py:3239} INFO - Sync 1 DAGs
[2026-03-11T20:15:39.221+0000] {logging_mixin.py:190} INFO - [2026-03-11T20:15:39.220+0000] {dag.py:4180} INFO - Setting next_dagrun for example_pipeline to None, run_after=None
[2026-03-11T20:15:39.241+0000] {processor.py:208} INFO - Processing /opt/airflow/dags/example_pipeline.py took 0.088 seconds
[2026-03-11T20:16:09.471+0000] {processor.py:186} INFO - Started process (PID=237) to work on /opt/airflow/dags/example_pipeline.py
[2026-03-11T20:16:09.472+0000] {processor.py:914} INFO - Processing file /opt/airflow/dags/example_pipeline.py for tasks to queue
[2026-03-11T20:16:09.475+0000] {logging_mixin.py:190} INFO - [2026-03-11T20:16:09.475+0000] {dagbag.py:588} INFO - Filling up the DagBag from /opt/airflow/dags/example_pipeline.py
[2026-03-11T20:16:09.499+0000] {processor.py:925} INFO - DAG(s) 'example_pipeline' retrieved from /opt/airflow/dags/example_pipeline.py
[2026-03-11T20:16:09.524+0000] {logging_mixin.py:190} INFO - [2026-03-11T20:16:09.524+0000] {dag.py:3239} INFO - Sync 1 DAGs
[2026-03-11T20:16:09.537+0000] {logging_mixin.py:190} INFO - [2026-03-11T20:16:09.537+0000] {dag.py:4180} INFO - Setting next_dagrun for example_pipeline to None, run_after=None
[2026-03-11T20:16:09.553+0000] {processor.py:208} INFO - Processing /opt/airflow/dags/example_pipeline.py took 0.088 seconds
[2026-03-11T20:16:39.717+0000] {processor.py:186} INFO - Started process (PID=242) to work on /opt/airflow/dags/example_pipeline.py
[2026-03-11T20:16:39.717+0000] {processor.py:914} INFO - Processing file /opt/airflow/dags/example_pipeline.py for tasks to queue
[2026-03-11T20:16:39.720+0000] {logging_mixin.py:190} INFO - [2026-03-11T20:16:39.719+0000] {dagbag.py:588} INFO - Filling up the DagBag from /opt/airflow/dags/example_pipeline.py
[2026-03-11T20:16:39.741+0000] {processor.py:925} INFO - DAG(s) 'example_pipeline' retrieved from /opt/airflow/dags/example_pipeline.py
[2026-03-11T20:16:39.766+0000] {logging_mixin.py:190} INFO - [2026-03-11T20:16:39.765+0000] {dag.py:3239} INFO - Sync 1 DAGs
[2026-03-11T20:16:39.780+0000] {logging_mixin.py:190} INFO - [2026-03-11T20:16:39.780+0000] {dag.py:4180} INFO - Setting next_dagrun for example_pipeline to None, run_after=None
[2026-03-11T20:16:39.799+0000] {processor.py:208} INFO - Processing /opt/airflow/dags/example_pipeline.py took 0.087 seconds
[2026-03-11T20:17:09.968+0000] {processor.py:186} INFO - Started process (PID=247) to work on /opt/airflow/dags/example_pipeline.py
[2026-03-11T20:17:09.969+0000] {processor.py:914} INFO - Processing file /opt/airflow/dags/example_pipeline.py for tasks to queue
[2026-03-11T20:17:09.971+0000] {logging_mixin.py:190} INFO - [2026-03-11T20:17:09.971+0000] {dagbag.py:588} INFO - Filling up the DagBag from /opt/airflow/dags/example_pipeline.py
[2026-03-11T20:17:09.991+0000] {processor.py:925} INFO - DAG(s) 'example_pipeline' retrieved from /opt/airflow/dags/example_pipeline.py
[2026-03-11T20:17:10.017+0000] {logging_mixin.py:190} INFO - [2026-03-11T20:17:10.017+0000] {dag.py:3239} INFO - Sync 1 DAGs
[2026-03-11T20:17:10.030+0000] {logging_mixin.py:190} INFO - [2026-03-11T20:17:10.030+0000] {dag.py:4180} INFO - Setting next_dagrun for example_pipeline to None, run_after=None
[2026-03-11T20:17:10.047+0000] {processor.py:208} INFO - Processing /opt/airflow/dags/example_pipeline.py took 0.084 seconds
[2026-03-11T20:17:40.249+0000] {processor.py:186} INFO - Started process (PID=252) to work on /opt/airflow/dags/example_pipeline.py
[2026-03-11T20:17:40.250+0000] {processor.py:914} INFO - Processing file /opt/airflow/dags/example_pipeline.py for tasks to queue
[2026-03-11T20:17:40.253+0000] {logging_mixin.py:190} INFO - [2026-03-11T20:17:40.253+0000] {dagbag.py:588} INFO - Filling up the DagBag from /opt/airflow/dags/example_pipeline.py
[2026-03-11T20:17:40.283+0000] {processor.py:925} INFO - DAG(s) 'example_pipeline' retrieved from /opt/airflow/dags/example_pipeline.py
[2026-03-11T20:17:40.313+0000] {logging_mixin.py:190} INFO - [2026-03-11T20:17:40.313+0000] {dag.py:3239} INFO - Sync 1 DAGs
[2026-03-11T20:17:40.328+0000] {logging_mixin.py:190} INFO - [2026-03-11T20:17:40.327+0000] {dag.py:4180} INFO - Setting next_dagrun for example_pipeline to None, run_after=None
[2026-03-11T20:17:40.349+0000] {processor.py:208} INFO - Processing /opt/airflow/dags/example_pipeline.py took 0.105 seconds
[2026-03-11T20:18:10.456+0000] {processor.py:186} INFO - Started process (PID=257) to work on /opt/airflow/dags/example_pipeline.py
[2026-03-11T20:18:10.457+0000] {processor.py:914} INFO - Processing file /opt/airflow/dags/example_pipeline.py for tasks to queue
[2026-03-11T20:18:10.460+0000] {logging_mixin.py:190} INFO - [2026-03-11T20:18:10.459+0000] {dagbag.py:588} INFO - Filling up the DagBag from /opt/airflow/dags/example_pipeline.py
[2026-03-11T20:18:10.480+0000] {processor.py:925} INFO - DAG(s) 'example_pipeline' retrieved from /opt/airflow/dags/example_pipeline.py
[2026-03-11T20:18:10.506+0000] {logging_mixin.py:190} INFO - [2026-03-11T20:18:10.506+0000] {dag.py:3239} INFO - Sync 1 DAGs
[2026-03-11T20:18:10.519+0000] {logging_mixin.py:190} INFO - [2026-03-11T20:18:10.519+0000] {dag.py:4180} INFO - Setting next_dagrun for example_pipeline to None, run_after=None
[2026-03-11T20:18:10.537+0000] {processor.py:208} INFO - Processing /opt/airflow/dags/example_pipeline.py took 0.085 seconds
[2026-03-11T20:18:40.758+0000] {processor.py:186} INFO - Started process (PID=262) to work on /opt/airflow/dags/example_pipeline.py
[2026-03-11T20:18:40.759+0000] {processor.py:914} INFO - Processing file /opt/airflow/dags/example_pipeline.py for tasks to queue
[2026-03-11T20:18:40.761+0000] {logging_mixin.py:190} INFO - [2026-03-11T20:18:40.761+0000] {dagbag.py:588} INFO - Filling up the DagBag from /opt/airflow/dags/example_pipeline.py
[2026-03-11T20:18:40.781+0000] {processor.py:925} INFO - DAG(s) 'example_pipeline' retrieved from /opt/airflow/dags/example_pipeline.py
[2026-03-11T20:18:40.804+0000] {logging_mixin.py:190} INFO - [2026-03-11T20:18:40.804+0000] {dag.py:3239} INFO - Sync 1 DAGs
[2026-03-11T20:18:40.817+0000] {logging_mixin.py:190} INFO - [2026-03-11T20:18:40.817+0000] {dag.py:4180} INFO - Setting next_dagrun for example_pipeline to None, run_after=None
[2026-03-11T20:18:40.837+0000] {processor.py:208} INFO - Processing /opt/airflow/dags/example_pipeline.py took 0.085 seconds
[2026-03-11T20:19:11.025+0000] {processor.py:186} INFO - Started process (PID=267) to work on /opt/airflow/dags/example_pipeline.py
[2026-03-11T20:19:11.026+0000] {processor.py:914} INFO - Processing file /opt/airflow/dags/example_pipeline.py for tasks to queue
[2026-03-11T20:19:11.028+0000] {logging_mixin.py:190} INFO - [2026-03-11T20:19:11.028+0000] {dagbag.py:588} INFO - Filling up the DagBag from /opt/airflow/dags/example_pipeline.py
[2026-03-11T20:19:11.051+0000] {processor.py:925} INFO - DAG(s) 'example_pipeline' retrieved from /opt/airflow/dags/example_pipeline.py
[2026-03-11T20:19:11.074+0000] {logging_mixin.py:190} INFO - [2026-03-11T20:19:11.074+0000] {dag.py:3239} INFO - Sync 1 DAGs
[2026-03-11T20:19:11.085+0000] {logging_mixin.py:190} INFO - [2026-03-11T20:19:11.084+0000] {dag.py:4180} INFO - Setting next_dagrun for example_pipeline to None, run_after=None
[2026-03-11T20:19:11.104+0000] {processor.py:208} INFO - Processing /opt/airflow/dags/example_pipeline.py took 0.084 seconds
[2026-03-11T20:19:41.292+0000] {processor.py:186} INFO - Started process (PID=272) to work on /opt/airflow/dags/example_pipeline.py
[2026-03-11T20:19:41.293+0000] {processor.py:914} INFO - Processing file /opt/airflow/dags/example_pipeline.py for tasks to queue
[2026-03-11T20:19:41.296+0000] {logging_mixin.py:190} INFO - [2026-03-11T20:19:41.296+0000] {dagbag.py:588} INFO - Filling up the DagBag from /opt/airflow/dags/example_pipeline.py
[2026-03-11T20:19:41.316+0000] {processor.py:925} INFO - DAG(s) 'example_pipeline' retrieved from /opt/airflow/dags/example_pipeline.py
[2026-03-11T20:19:41.342+0000] {logging_mixin.py:190} INFO - [2026-03-11T20:19:41.342+0000] {dag.py:3239} INFO - Sync 1 DAGs
[2026-03-11T20:19:41.354+0000] {logging_mixin.py:190} INFO - [2026-03-11T20:19:41.353+0000] {dag.py:4180} INFO - Setting next_dagrun for example_pipeline to None, run_after=None
[2026-03-11T20:19:41.374+0000] {processor.py:208} INFO - Processing /opt/airflow/dags/example_pipeline.py took 0.087 seconds
[2026-03-11T20:20:11.544+0000] {processor.py:186} INFO - Started process (PID=277) to work on /opt/airflow/dags/example_pipeline.py
[2026-03-11T20:20:11.545+0000] {processor.py:914} INFO - Processing file /opt/airflow/dags/example_pipeline.py for tasks to queue
[2026-03-11T20:20:11.547+0000] {logging_mixin.py:190} INFO - [2026-03-11T20:20:11.547+0000] {dagbag.py:588} INFO - Filling up the DagBag from /opt/airflow/dags/example_pipeline.py
[2026-03-11T20:20:11.565+0000] {processor.py:925} INFO - DAG(s) 'example_pipeline' retrieved from /opt/airflow/dags/example_pipeline.py
[2026-03-11T20:20:11.588+0000] {logging_mixin.py:190} INFO - [2026-03-11T20:20:11.588+0000] {dag.py:3239} INFO - Sync 1 DAGs
[2026-03-11T20:20:11.598+0000] {logging_mixin.py:190} INFO - [2026-03-11T20:20:11.598+0000] {dag.py:4180} INFO - Setting next_dagrun for example_pipeline to None, run_after=None
[2026-03-11T20:20:11.613+0000] {processor.py:208} INFO - Processing /opt/airflow/dags/example_pipeline.py took 0.074 seconds
[2026-03-11T20:20:41.814+0000] {processor.py:186} INFO - Started process (PID=282) to work on /opt/airflow/dags/example_pipeline.py
[2026-03-11T20:20:41.815+0000] {processor.py:914} INFO - Processing file /opt/airflow/dags/example_pipeline.py for tasks to queue
[2026-03-11T20:20:41.817+0000] {logging_mixin.py:190} INFO - [2026-03-11T20:20:41.817+0000] {dagbag.py:588} INFO - Filling up the DagBag from /opt/airflow/dags/example_pipeline.py
[2026-03-11T20:20:41.836+0000] {processor.py:925} INFO - DAG(s) 'example_pipeline' retrieved from /opt/airflow/dags/example_pipeline.py
[2026-03-11T20:20:41.859+0000] {logging_mixin.py:190} INFO - [2026-03-11T20:20:41.859+0000] {dag.py:3239} INFO - Sync 1 DAGs
[2026-03-11T20:20:41.871+0000] {logging_mixin.py:190} INFO - [2026-03-11T20:20:41.871+0000] {dag.py:4180} INFO - Setting next_dagrun for example_pipeline to None, run_after=None
[2026-03-11T20:20:41.887+0000] {processor.py:208} INFO - Processing /opt/airflow/dags/example_pipeline.py took 0.078 seconds
[2026-03-11T20:21:12.067+0000] {processor.py:186} INFO - Started process (PID=287) to work on /opt/airflow/dags/example_pipeline.py
[2026-03-11T20:21:12.068+0000] {processor.py:914} INFO - Processing file /opt/airflow/dags/example_pipeline.py for tasks to queue
[2026-03-11T20:21:12.071+0000] {logging_mixin.py:190} INFO - [2026-03-11T20:21:12.071+0000] {dagbag.py:588} INFO - Filling up the DagBag from /opt/airflow/dags/example_pipeline.py
[2026-03-11T20:21:12.096+0000] {processor.py:925} INFO - DAG(s) 'example_pipeline' retrieved from /opt/airflow/dags/example_pipeline.py
[2026-03-11T20:21:12.116+0000] {logging_mixin.py:190} INFO - [2026-03-11T20:21:12.116+0000] {dag.py:3239} INFO - Sync 1 DAGs
[2026-03-11T20:21:12.127+0000] {logging_mixin.py:190} INFO - [2026-03-11T20:21:12.127+0000] {dag.py:4180} INFO - Setting next_dagrun for example_pipeline to None, run_after=None
[2026-03-11T20:21:12.143+0000] {processor.py:208} INFO - Processing /opt/airflow/dags/example_pipeline.py took 0.081 seconds
[2026-03-11T20:21:42.323+0000] {processor.py:186} INFO - Started process (PID=292) to work on /opt/airflow/dags/example_pipeline.py
[2026-03-11T20:21:42.324+0000] {processor.py:914} INFO - Processing file /opt/airflow/dags/example_pipeline.py for tasks to queue
[2026-03-11T20:21:42.327+0000] {logging_mixin.py:190} INFO - [2026-03-11T20:21:42.327+0000] {dagbag.py:588} INFO - Filling up the DagBag from /opt/airflow/dags/example_pipeline.py
[2026-03-11T20:21:42.347+0000] {processor.py:925} INFO - DAG(s) 'example_pipeline' retrieved from /opt/airflow/dags/example_pipeline.py
[2026-03-11T20:21:42.368+0000] {logging_mixin.py:190} INFO - [2026-03-11T20:21:42.368+0000] {dag.py:3239} INFO - Sync 1 DAGs
[2026-03-11T20:21:42.380+0000] {logging_mixin.py:190} INFO - [2026-03-11T20:21:42.380+0000] {dag.py:4180} INFO - Setting next_dagrun for example_pipeline to None, run_after=None
[2026-03-11T20:21:42.401+0000] {processor.py:208} INFO - Processing /opt/airflow/dags/example_pipeline.py took 0.083 seconds
[2026-03-11T20:22:12.576+0000] {processor.py:186} INFO - Started process (PID=297) to work on /opt/airflow/dags/example_pipeline.py
[2026-03-11T20:22:12.577+0000] {processor.py:914} INFO - Processing file /opt/airflow/dags/example_pipeline.py for tasks to queue
[2026-03-11T20:22:12.580+0000] {logging_mixin.py:190} INFO - [2026-03-11T20:22:12.580+0000] {dagbag.py:588} INFO - Filling up the DagBag from /opt/airflow/dags/example_pipeline.py
[2026-03-11T20:22:12.600+0000] {processor.py:925} INFO - DAG(s) 'example_pipeline' retrieved from /opt/airflow/dags/example_pipeline.py
[2026-03-11T20:22:12.622+0000] {logging_mixin.py:190} INFO - [2026-03-11T20:22:12.622+0000] {dag.py:3239} INFO - Sync 1 DAGs
[2026-03-11T20:22:12.634+0000] {logging_mixin.py:190} INFO - [2026-03-11T20:22:12.633+0000] {dag.py:4180} INFO - Setting next_dagrun for example_pipeline to None, run_after=None
[2026-03-11T20:22:12.658+0000] {processor.py:208} INFO - Processing /opt/airflow/dags/example_pipeline.py took 0.086 seconds
[2026-03-11T20:22:42.858+0000] {processor.py:186} INFO - Started process (PID=302) to work on /opt/airflow/dags/example_pipeline.py
[2026-03-11T20:22:42.859+0000] {processor.py:914} INFO - Processing file /opt/airflow/dags/example_pipeline.py for tasks to queue
[2026-03-11T20:22:42.862+0000] {logging_mixin.py:190} INFO - [2026-03-11T20:22:42.862+0000] {dagbag.py:588} INFO - Filling up the DagBag from /opt/airflow/dags/example_pipeline.py
[2026-03-11T20:22:42.887+0000] {processor.py:925} INFO - DAG(s) 'example_pipeline' retrieved from /opt/airflow/dags/example_pipeline.py
[2026-03-11T20:22:42.908+0000] {logging_mixin.py:190} INFO - [2026-03-11T20:22:42.908+0000] {dag.py:3239} INFO - Sync 1 DAGs
[2026-03-11T20:22:42.919+0000] {logging_mixin.py:190} INFO - [2026-03-11T20:22:42.919+0000] {dag.py:4180} INFO - Setting next_dagrun for example_pipeline to None, run_after=None
[2026-03-11T20:22:42.939+0000] {processor.py:208} INFO - Processing /opt/airflow/dags/example_pipeline.py took 0.085 seconds
[2026-03-11T20:23:13.104+0000] {processor.py:186} INFO - Started process (PID=307) to work on /opt/airflow/dags/example_pipeline.py
[2026-03-11T20:23:13.105+0000] {processor.py:914} INFO - Processing file /opt/airflow/dags/example_pipeline.py for tasks to queue
[2026-03-11T20:23:13.106+0000] {logging_mixin.py:190} INFO - [2026-03-11T20:23:13.106+0000] {dagbag.py:588} INFO - Filling up the DagBag from /opt/airflow/dags/example_pipeline.py
[2026-03-11T20:23:13.124+0000] {processor.py:925} INFO - DAG(s) 'example_pipeline' retrieved from /opt/airflow/dags/example_pipeline.py
[2026-03-11T20:23:13.148+0000] {logging_mixin.py:190} INFO - [2026-03-11T20:23:13.148+0000] {dag.py:3239} INFO - Sync 1 DAGs
[2026-03-11T20:23:13.159+0000] {logging_mixin.py:190} INFO - [2026-03-11T20:23:13.159+0000] {dag.py:4180} INFO - Setting next_dagrun for example_pipeline to None, run_after=None
[2026-03-11T20:23:13.174+0000] {processor.py:208} INFO - Processing /opt/airflow/dags/example_pipeline.py took 0.075 seconds
[2026-03-11T20:23:43.381+0000] {processor.py:186} INFO - Started process (PID=312) to work on /opt/airflow/dags/example_pipeline.py
[2026-03-11T20:23:43.382+0000] {processor.py:914} INFO - Processing file /opt/airflow/dags/example_pipeline.py for tasks to queue
[2026-03-11T20:23:43.384+0000] {logging_mixin.py:190} INFO - [2026-03-11T20:23:43.384+0000] {dagbag.py:588} INFO - Filling up the DagBag from /opt/airflow/dags/example_pipeline.py
[2026-03-11T20:23:43.407+0000] {processor.py:925} INFO - DAG(s) 'example_pipeline' retrieved from /opt/airflow/dags/example_pipeline.py
[2026-03-11T20:23:43.432+0000] {logging_mixin.py:190} INFO - [2026-03-11T20:23:43.432+0000] {dag.py:3239} INFO - Sync 1 DAGs
[2026-03-11T20:23:43.446+0000] {logging_mixin.py:190} INFO - [2026-03-11T20:23:43.446+0000] {dag.py:4180} INFO - Setting next_dagrun for example_pipeline to None, run_after=None
[2026-03-11T20:23:43.464+0000] {processor.py:208} INFO - Processing /opt/airflow/dags/example_pipeline.py took 0.088 seconds
[2026-03-11T20:24:13.637+0000] {processor.py:186} INFO - Started process (PID=317) to work on /opt/airflow/dags/example_pipeline.py
[2026-03-11T20:24:13.638+0000] {processor.py:914} INFO - Processing file /opt/airflow/dags/example_pipeline.py for tasks to queue
[2026-03-11T20:24:13.640+0000] {logging_mixin.py:190} INFO - [2026-03-11T20:24:13.640+0000] {dagbag.py:588} INFO - Filling up the DagBag from /opt/airflow/dags/example_pipeline.py
[2026-03-11T20:24:13.665+0000] {processor.py:925} INFO - DAG(s) 'example_pipeline' retrieved from /opt/airflow/dags/example_pipeline.py
[2026-03-11T20:24:13.696+0000] {logging_mixin.py:190} INFO - [2026-03-11T20:24:13.696+0000] {dag.py:3239} INFO - Sync 1 DAGs
[2026-03-11T20:24:13.708+0000] {logging_mixin.py:190} INFO - [2026-03-11T20:24:13.707+0000] {dag.py:4180} INFO - Setting next_dagrun for example_pipeline to None, run_after=None
[2026-03-11T20:24:13.726+0000] {processor.py:208} INFO - Processing /opt/airflow/dags/example_pipeline.py took 0.094 seconds
[2026-03-11T20:24:43.922+0000] {processor.py:186} INFO - Started process (PID=322) to work on /opt/airflow/dags/example_pipeline.py
[2026-03-11T20:24:43.923+0000] {processor.py:914} INFO - Processing file /opt/airflow/dags/example_pipeline.py for tasks to queue
[2026-03-11T20:24:43.926+0000] {logging_mixin.py:190} INFO - [2026-03-11T20:24:43.925+0000] {dagbag.py:588} INFO - Filling up the DagBag from /opt/airflow/dags/example_pipeline.py
[2026-03-11T20:24:43.945+0000] {processor.py:925} INFO - DAG(s) 'example_pipeline' retrieved from /opt/airflow/dags/example_pipeline.py
[2026-03-11T20:24:43.965+0000] {logging_mixin.py:190} INFO - [2026-03-11T20:24:43.965+0000] {dag.py:3239} INFO - Sync 1 DAGs
[2026-03-11T20:24:43.975+0000] {logging_mixin.py:190} INFO - [2026-03-11T20:24:43.975+0000] {dag.py:4180} INFO - Setting next_dagrun for example_pipeline to None, run_after=None
[2026-03-11T20:24:43.993+0000] {processor.py:208} INFO - Processing /opt/airflow/dags/example_pipeline.py took 0.076 seconds
[2026-03-11T20:25:14.172+0000] {processor.py:186} INFO - Started process (PID=327) to work on /opt/airflow/dags/example_pipeline.py
[2026-03-11T20:25:14.173+0000] {processor.py:914} INFO - Processing file /opt/airflow/dags/example_pipeline.py for tasks to queue
[2026-03-11T20:25:14.176+0000] {logging_mixin.py:190} INFO - [2026-03-11T20:25:14.176+0000] {dagbag.py:588} INFO - Filling up the DagBag from /opt/airflow/dags/example_pipeline.py
[2026-03-11T20:25:14.204+0000] {processor.py:925} INFO - DAG(s) 'example_pipeline' retrieved from /opt/airflow/dags/example_pipeline.py
[2026-03-11T20:25:14.229+0000] {logging_mixin.py:190} INFO - [2026-03-11T20:25:14.229+0000] {dag.py:3239} INFO - Sync 1 DAGs
[2026-03-11T20:25:14.242+0000] {logging_mixin.py:190} INFO - [2026-03-11T20:25:14.242+0000] {dag.py:4180} INFO - Setting next_dagrun for example_pipeline to None, run_after=None
[2026-03-11T20:25:14.262+0000] {processor.py:208} INFO - Processing /opt/airflow/dags/example_pipeline.py took 0.095 seconds
[2026-03-11T20:25:44.435+0000] {processor.py:186} INFO - Started process (PID=332) to work on /opt/airflow/dags/example_pipeline.py
[2026-03-11T20:25:44.436+0000] {processor.py:914} INFO - Processing file /opt/airflow/dags/example_pipeline.py for tasks to queue
[2026-03-11T20:25:44.438+0000] {logging_mixin.py:190} INFO - [2026-03-11T20:25:44.438+0000] {dagbag.py:588} INFO - Filling up the DagBag from /opt/airflow/dags/example_pipeline.py
[2026-03-11T20:25:44.463+0000] {processor.py:925} INFO - DAG(s) 'example_pipeline' retrieved from /opt/airflow/dags/example_pipeline.py
[2026-03-11T20:25:44.493+0000] {logging_mixin.py:190} INFO - [2026-03-11T20:25:44.492+0000] {dag.py:3239} INFO - Sync 1 DAGs
[2026-03-11T20:25:44.506+0000] {logging_mixin.py:190} INFO - [2026-03-11T20:25:44.505+0000] {dag.py:4180} INFO - Setting next_dagrun for example_pipeline to None, run_after=None
[2026-03-11T20:25:44.526+0000] {processor.py:208} INFO - Processing /opt/airflow/dags/example_pipeline.py took 0.097 seconds
[2026-03-11T20:26:14.707+0000] {processor.py:186} INFO - Started process (PID=337) to work on /opt/airflow/dags/example_pipeline.py
[2026-03-11T20:26:14.708+0000] {processor.py:914} INFO - Processing file /opt/airflow/dags/example_pipeline.py for tasks to queue
[2026-03-11T20:26:14.711+0000] {logging_mixin.py:190} INFO - [2026-03-11T20:26:14.711+0000] {dagbag.py:588} INFO - Filling up the DagBag from /opt/airflow/dags/example_pipeline.py
[2026-03-11T20:26:14.739+0000] {processor.py:925} INFO - DAG(s) 'example_pipeline' retrieved from /opt/airflow/dags/example_pipeline.py
[2026-03-11T20:26:14.766+0000] {logging_mixin.py:190} INFO - [2026-03-11T20:26:14.766+0000] {dag.py:3239} INFO - Sync 1 DAGs
[2026-03-11T20:26:14.778+0000] {logging_mixin.py:190} INFO - [2026-03-11T20:26:14.778+0000] {dag.py:4180} INFO - Setting next_dagrun for example_pipeline to None, run_after=None
[2026-03-11T20:26:14.802+0000] {processor.py:208} INFO - Processing /opt/airflow/dags/example_pipeline.py took 0.100 seconds
[2026-03-11T20:26:44.983+0000] {processor.py:186} INFO - Started process (PID=358) to work on /opt/airflow/dags/example_pipeline.py
[2026-03-11T20:26:44.985+0000] {processor.py:914} INFO - Processing file /opt/airflow/dags/example_pipeline.py for tasks to queue
[2026-03-11T20:26:44.987+0000] {logging_mixin.py:190} INFO - [2026-03-11T20:26:44.987+0000] {dagbag.py:588} INFO - Filling up the DagBag from /opt/airflow/dags/example_pipeline.py
[2026-03-11T20:26:45.010+0000] {processor.py:925} INFO - DAG(s) 'example_pipeline' retrieved from /opt/airflow/dags/example_pipeline.py
[2026-03-11T20:26:45.034+0000] {logging_mixin.py:190} INFO - [2026-03-11T20:26:45.034+0000] {dag.py:3239} INFO - Sync 1 DAGs
[2026-03-11T20:26:45.046+0000] {logging_mixin.py:190} INFO - [2026-03-11T20:26:45.046+0000] {dag.py:4180} INFO - Setting next_dagrun for example_pipeline to None, run_after=None
[2026-03-11T20:26:45.062+0000] {processor.py:208} INFO - Processing /opt/airflow/dags/example_pipeline.py took 0.085 seconds
[2026-03-11T20:27:15.241+0000] {processor.py:186} INFO - Started process (PID=363) to work on /opt/airflow/dags/example_pipeline.py
[2026-03-11T20:27:15.242+0000] {processor.py:914} INFO - Processing file /opt/airflow/dags/example_pipeline.py for tasks to queue
[2026-03-11T20:27:15.244+0000] {logging_mixin.py:190} INFO - [2026-03-11T20:27:15.244+0000] {dagbag.py:588} INFO - Filling up the DagBag from /opt/airflow/dags/example_pipeline.py
[2026-03-11T20:27:15.266+0000] {processor.py:925} INFO - DAG(s) 'example_pipeline' retrieved from /opt/airflow/dags/example_pipeline.py
[2026-03-11T20:27:15.292+0000] {logging_mixin.py:190} INFO - [2026-03-11T20:27:15.292+0000] {dag.py:3239} INFO - Sync 1 DAGs
[2026-03-11T20:27:15.305+0000] {logging_mixin.py:190} INFO - [2026-03-11T20:27:15.305+0000] {dag.py:4180} INFO - Setting next_dagrun for example_pipeline to None, run_after=None
[2026-03-11T20:27:15.326+0000] {processor.py:208} INFO - Processing /opt/airflow/dags/example_pipeline.py took 0.090 seconds
[2026-03-11T20:27:45.519+0000] {processor.py:186} INFO - Started process (PID=368) to work on /opt/airflow/dags/example_pipeline.py
[2026-03-11T20:27:45.520+0000] {processor.py:914} INFO - Processing file /opt/airflow/dags/example_pipeline.py for tasks to queue
[2026-03-11T20:27:45.523+0000] {logging_mixin.py:190} INFO - [2026-03-11T20:27:45.522+0000] {dagbag.py:588} INFO - Filling up the DagBag from /opt/airflow/dags/example_pipeline.py
[2026-03-11T20:27:45.547+0000] {processor.py:925} INFO - DAG(s) 'example_pipeline' retrieved from /opt/airflow/dags/example_pipeline.py
[2026-03-11T20:27:45.579+0000] {logging_mixin.py:190} INFO - [2026-03-11T20:27:45.579+0000] {dag.py:3239} INFO - Sync 1 DAGs
[2026-03-11T20:27:45.591+0000] {logging_mixin.py:190} INFO - [2026-03-11T20:27:45.591+0000] {dag.py:4180} INFO - Setting next_dagrun for example_pipeline to None, run_after=None
[2026-03-11T20:27:45.608+0000] {processor.py:208} INFO - Processing /opt/airflow/dags/example_pipeline.py took 0.098 seconds
[2026-03-11T20:28:15.771+0000] {processor.py:186} INFO - Started process (PID=373) to work on /opt/airflow/dags/example_pipeline.py
[2026-03-11T20:28:15.772+0000] {processor.py:914} INFO - Processing file /opt/airflow/dags/example_pipeline.py for tasks to queue
[2026-03-11T20:28:15.775+0000] {logging_mixin.py:190} INFO - [2026-03-11T20:28:15.775+0000] {dagbag.py:588} INFO - Filling up the DagBag from /opt/airflow/dags/example_pipeline.py
[2026-03-11T20:28:15.800+0000] {processor.py:925} INFO - DAG(s) 'example_pipeline' retrieved from /opt/airflow/dags/example_pipeline.py
[2026-03-11T20:28:15.826+0000] {logging_mixin.py:190} INFO - [2026-03-11T20:28:15.825+0000] {dag.py:3239} INFO - Sync 1 DAGs
[2026-03-11T20:28:15.839+0000] {logging_mixin.py:190} INFO - [2026-03-11T20:28:15.838+0000] {dag.py:4180} INFO - Setting next_dagrun for example_pipeline to None, run_after=None
[2026-03-11T20:28:15.858+0000] {processor.py:208} INFO - Processing /opt/airflow/dags/example_pipeline.py took 0.094 seconds
[2026-03-11T20:28:46.058+0000] {processor.py:186} INFO - Started process (PID=378) to work on /opt/airflow/dags/example_pipeline.py
[2026-03-11T20:28:46.059+0000] {processor.py:914} INFO - Processing file /opt/airflow/dags/example_pipeline.py for tasks to queue
[2026-03-11T20:28:46.061+0000] {logging_mixin.py:190} INFO - [2026-03-11T20:28:46.061+0000] {dagbag.py:588} INFO - Filling up the DagBag from /opt/airflow/dags/example_pipeline.py
[2026-03-11T20:28:46.084+0000] {processor.py:925} INFO - DAG(s) 'example_pipeline' retrieved from /opt/airflow/dags/example_pipeline.py
[2026-03-11T20:28:46.106+0000] {logging_mixin.py:190} INFO - [2026-03-11T20:28:46.106+0000] {dag.py:3239} INFO - Sync 1 DAGs
[2026-03-11T20:28:46.118+0000] {logging_mixin.py:190} INFO - [2026-03-11T20:28:46.118+0000] {dag.py:4180} INFO - Setting next_dagrun for example_pipeline to None, run_after=None
[2026-03-11T20:28:46.136+0000] {processor.py:208} INFO - Processing /opt/airflow/dags/example_pipeline.py took 0.083 seconds
