[2026-03-11T20:26:38.079+0000] {local_task_job_runner.py:123} INFO - ::group::Pre task execution logs
[2026-03-11T20:26:38.094+0000] {taskinstance.py:2613} INFO - Dependencies all met for dep_context=non-requeueable deps ti=<TaskInstance: example_pipeline.end manual__2026-03-11T20:26:33.716665+00:00 [queued]>
[2026-03-11T20:26:38.101+0000] {taskinstance.py:2613} INFO - Dependencies all met for dep_context=requeueable deps ti=<TaskInstance: example_pipeline.end manual__2026-03-11T20:26:33.716665+00:00 [queued]>
[2026-03-11T20:26:38.102+0000] {taskinstance.py:2866} INFO - Starting attempt 1 of 1
[2026-03-11T20:26:38.114+0000] {taskinstance.py:2889} INFO - Executing <Task(BashOperator): end> on 2026-03-11 20:26:33.716665+00:00
[2026-03-11T20:26:38.121+0000] {standard_task_runner.py:104} INFO - Running: ['airflow', 'tasks', 'run', 'example_pipeline', 'end', 'manual__2026-03-11T20:26:33.716665+00:00', '--job-id', '6', '--raw', '--subdir', 'DAGS_FOLDER/example_pipeline.py', '--cfg-path', '/tmp/tmpiqakcmgz']
[2026-03-11T20:26:38.123+0000] {logging_mixin.py:190} WARNING - /home/airflow/.local/lib/python3.12/site-packages/airflow/task/task_runner/standard_task_runner.py:70 DeprecationWarning: This process (pid=354) is multi-threaded, use of fork() may lead to deadlocks in the child.
[2026-03-11T20:26:38.123+0000] {standard_task_runner.py:105} INFO - Job 6: Subtask end
[2026-03-11T20:26:38.123+0000] {standard_task_runner.py:72} INFO - Started process 355 to run task
[2026-03-11T20:26:38.180+0000] {task_command.py:467} INFO - Running <TaskInstance: example_pipeline.end manual__2026-03-11T20:26:33.716665+00:00 [running]> on host 4372ae45d065
[2026-03-11T20:26:38.237+0000] {taskinstance.py:3132} INFO - Exporting env vars: AIRFLOW_CTX_DAG_OWNER='airflow' AIRFLOW_CTX_DAG_ID='example_pipeline' AIRFLOW_CTX_TASK_ID='end' AIRFLOW_CTX_EXECUTION_DATE='2026-03-11T20:26:33.716665+00:00' AIRFLOW_CTX_TRY_NUMBER='1' AIRFLOW_CTX_DAG_RUN_ID='manual__2026-03-11T20:26:33.716665+00:00'
[2026-03-11T20:26:38.238+0000] {taskinstance.py:731} INFO - ::endgroup::
[2026-03-11T20:26:38.250+0000] {subprocess.py:78} INFO - Tmp dir root location: /tmp
[2026-03-11T20:26:38.252+0000] {subprocess.py:88} INFO - Running command: ['/usr/bin/bash', '-c', "echo 'Pipeline finished'"]
[2026-03-11T20:26:38.259+0000] {subprocess.py:99} INFO - Output:
[2026-03-11T20:26:38.260+0000] {subprocess.py:106} INFO - Pipeline finished
[2026-03-11T20:26:38.261+0000] {subprocess.py:110} INFO - Command exited with return code 0
[2026-03-11T20:26:38.283+0000] {taskinstance.py:340} INFO - ::group::Post task execution logs
[2026-03-11T20:26:38.284+0000] {taskinstance.py:352} INFO - Marking task as SUCCESS. dag_id=example_pipeline, task_id=end, run_id=manual__2026-03-11T20:26:33.716665+00:00, execution_date=20260311T202633, start_date=20260311T202638, end_date=20260311T202638
[2026-03-11T20:26:38.299+0000] {local_task_job_runner.py:266} INFO - Task exited with return code 0
[2026-03-11T20:26:38.313+0000] {taskinstance.py:3895} INFO - 0 downstream tasks scheduled from follow-on schedule check
[2026-03-11T20:26:38.315+0000] {local_task_job_runner.py:245} INFO - ::endgroup::
