[2026-03-11T20:09:04.932+0000] {manager.py:483} INFO - Processing files using up to 2 processes at a time 
[2026-03-11T20:09:04.933+0000] {manager.py:484} INFO - Process each file at most once every 30 seconds
[2026-03-11T20:09:04.934+0000] {manager.py:485} INFO - Checking for new files in /opt/airflow/dags every 300 seconds
[2026-03-11T20:09:04.935+0000] {manager.py:821} INFO - Searching for files in /opt/airflow/dags
[2026-03-11T20:09:04.947+0000] {manager.py:824} INFO - There are 1 files in /opt/airflow/dags
[2026-03-11T20:09:05.106+0000] {manager.py:997} INFO - 
================================================================================
DAG File Processing Stats

File Path                                PID  Runtime      # DAGs    # Errors  Last Runtime    Last Run      Last # of DB Queries
-------------------------------------  -----  ---------  --------  ----------  --------------  ----------  ----------------------
/opt/airflow/dags/example_pipeline.py    167  0.05s             0           0                                                   0
================================================================================
[2026-03-11T20:09:35.292+0000] {manager.py:997} INFO - 
================================================================================
DAG File Processing Stats

File Path                              PID    Runtime      # DAGs    # Errors  Last Runtime    Last Run               Last # of DB Queries
-------------------------------------  -----  ---------  --------  ----------  --------------  -------------------  ----------------------
/opt/airflow/dags/example_pipeline.py                           1           0  0.60s           2026-03-11T20:09:05                      43
================================================================================
[2026-03-11T20:10:06.113+0000] {manager.py:997} INFO - 
================================================================================
DAG File Processing Stats

File Path                                PID  Runtime      # DAGs    # Errors  Last Runtime    Last Run               Last # of DB Queries
-------------------------------------  -----  ---------  --------  ----------  --------------  -------------------  ----------------------
/opt/airflow/dags/example_pipeline.py    177  0.00s             1           0  0.24s           2026-03-11T20:09:36                      10
================================================================================
[2026-03-11T20:10:36.469+0000] {manager.py:997} INFO - 
================================================================================
DAG File Processing Stats

File Path                                PID  Runtime      # DAGs    # Errors  Last Runtime    Last Run               Last # of DB Queries
-------------------------------------  -----  ---------  --------  ----------  --------------  -------------------  ----------------------
/opt/airflow/dags/example_pipeline.py    182  0.00s             1           0  0.16s           2026-03-11T20:10:06                      10
================================================================================
[2026-03-11T20:11:06.714+0000] {manager.py:997} INFO - 
================================================================================
DAG File Processing Stats

File Path                                PID  Runtime      # DAGs    # Errors  Last Runtime    Last Run               Last # of DB Queries
-------------------------------------  -----  ---------  --------  ----------  --------------  -------------------  ----------------------
/opt/airflow/dags/example_pipeline.py    187  0.00s             1           0  0.16s           2026-03-11T20:10:36                      10
================================================================================
[2026-03-11T20:11:36.946+0000] {manager.py:997} INFO - 
================================================================================
DAG File Processing Stats

File Path                                PID  Runtime      # DAGs    # Errors  Last Runtime    Last Run               Last # of DB Queries
-------------------------------------  -----  ---------  --------  ----------  --------------  -------------------  ----------------------
/opt/airflow/dags/example_pipeline.py    192  0.00s             1           0  0.11s           2026-03-11T20:11:06                      10
================================================================================
[2026-03-11T20:12:07.246+0000] {manager.py:997} INFO - 
================================================================================
DAG File Processing Stats

File Path                                PID  Runtime      # DAGs    # Errors  Last Runtime    Last Run               Last # of DB Queries
-------------------------------------  -----  ---------  --------  ----------  --------------  -------------------  ----------------------
/opt/airflow/dags/example_pipeline.py    197  0.00s             1           0  0.13s           2026-03-11T20:11:37                      10
================================================================================
[2026-03-11T20:12:37.499+0000] {manager.py:997} INFO - 
================================================================================
DAG File Processing Stats

File Path                                PID  Runtime      # DAGs    # Errors  Last Runtime    Last Run               Last # of DB Queries
-------------------------------------  -----  ---------  --------  ----------  --------------  -------------------  ----------------------
/opt/airflow/dags/example_pipeline.py    202  0.01s             1           0  0.12s           2026-03-11T20:12:07                      10
================================================================================
[2026-03-11T20:13:07.815+0000] {manager.py:997} INFO - 
================================================================================
DAG File Processing Stats

File Path                                PID  Runtime      # DAGs    # Errors  Last Runtime    Last Run               Last # of DB Queries
-------------------------------------  -----  ---------  --------  ----------  --------------  -------------------  ----------------------
/opt/airflow/dags/example_pipeline.py    207  0.00s             1           0  0.11s           2026-03-11T20:12:37                      10
================================================================================
[2026-03-11T20:13:38.027+0000] {manager.py:997} INFO - 
================================================================================
DAG File Processing Stats

File Path                                PID  Runtime      # DAGs    # Errors  Last Runtime    Last Run               Last # of DB Queries
-------------------------------------  -----  ---------  --------  ----------  --------------  -------------------  ----------------------
/opt/airflow/dags/example_pipeline.py    212  0.00s             1           0  0.12s           2026-03-11T20:13:07                      10
================================================================================
[2026-03-11T20:14:05.285+0000] {manager.py:821} INFO - Searching for files in /opt/airflow/dags
[2026-03-11T20:14:05.309+0000] {manager.py:824} INFO - There are 1 files in /opt/airflow/dags
[2026-03-11T20:14:08.365+0000] {manager.py:997} INFO - 
================================================================================
DAG File Processing Stats

File Path                                PID  Runtime      # DAGs    # Errors  Last Runtime    Last Run               Last # of DB Queries
-------------------------------------  -----  ---------  --------  ----------  --------------  -------------------  ----------------------
/opt/airflow/dags/example_pipeline.py    217  0.01s             1           0  0.11s           2026-03-11T20:13:38                      10
================================================================================
[2026-03-11T20:14:38.603+0000] {manager.py:997} INFO - 
================================================================================
DAG File Processing Stats

File Path                                PID  Runtime      # DAGs    # Errors  Last Runtime    Last Run               Last # of DB Queries
-------------------------------------  -----  ---------  --------  ----------  --------------  -------------------  ----------------------
/opt/airflow/dags/example_pipeline.py    222  0.00s             1           0  0.11s           2026-03-11T20:14:08                      10
================================================================================
[2026-03-11T20:15:08.922+0000] {manager.py:997} INFO - 
================================================================================
DAG File Processing Stats

File Path                                PID  Runtime      # DAGs    # Errors  Last Runtime    Last Run               Last # of DB Queries
-------------------------------------  -----  ---------  --------  ----------  --------------  -------------------  ----------------------
/opt/airflow/dags/example_pipeline.py    227  0.00s             1           0  0.11s           2026-03-11T20:14:38                      10
================================================================================
[2026-03-11T20:15:39.138+0000] {manager.py:997} INFO - 
================================================================================
DAG File Processing Stats

File Path                                PID  Runtime      # DAGs    # Errors  Last Runtime    Last Run               Last # of DB Queries
-------------------------------------  -----  ---------  --------  ----------  --------------  -------------------  ----------------------
/opt/airflow/dags/example_pipeline.py    232  0.01s             1           0  0.10s           2026-03-11T20:15:09                      10
================================================================================
[2026-03-11T20:16:09.448+0000] {manager.py:997} INFO - 
================================================================================
DAG File Processing Stats

File Path                                PID  Runtime      # DAGs    # Errors  Last Runtime    Last Run               Last # of DB Queries
-------------------------------------  -----  ---------  --------  ----------  --------------  -------------------  ----------------------
/opt/airflow/dags/example_pipeline.py    237  0.00s             1           0  0.12s           2026-03-11T20:15:39                      10
================================================================================
[2026-03-11T20:16:39.702+0000] {manager.py:997} INFO - 
================================================================================
DAG File Processing Stats

File Path                                PID  Runtime      # DAGs    # Errors  Last Runtime    Last Run               Last # of DB Queries
-------------------------------------  -----  ---------  --------  ----------  --------------  -------------------  ----------------------
/opt/airflow/dags/example_pipeline.py    242  0.00s             1           0  0.12s           2026-03-11T20:16:09                      10
================================================================================
[2026-03-11T20:17:09.952+0000] {manager.py:997} INFO - 
================================================================================
DAG File Processing Stats

File Path                                PID  Runtime      # DAGs    # Errors  Last Runtime    Last Run               Last # of DB Queries
-------------------------------------  -----  ---------  --------  ----------  --------------  -------------------  ----------------------
/opt/airflow/dags/example_pipeline.py    247  0.00s             1           0  0.11s           2026-03-11T20:16:39                      10
================================================================================
