[2026-03-11T20:26:36.118+0000] {local_task_job_runner.py:123} INFO - ::group::Pre task execution logs
[2026-03-11T20:26:36.142+0000] {taskinstance.py:2613} INFO - Dependencies all met for dep_context=non-requeueable deps ti=<TaskInstance: example_pipeline.start manual__2026-03-11T20:26:33.716665+00:00 [queued]>
[2026-03-11T20:26:36.153+0000] {taskinstance.py:2613} INFO - Dependencies all met for dep_context=requeueable deps ti=<TaskInstance: example_pipeline.start manual__2026-03-11T20:26:33.716665+00:00 [queued]>
[2026-03-11T20:26:36.154+0000] {taskinstance.py:2866} INFO - Starting attempt 1 of 1
[2026-03-11T20:26:36.172+0000] {taskinstance.py:2889} INFO - Executing <Task(BashOperator): start> on 2026-03-11 20:26:33.716665+00:00
[2026-03-11T20:26:36.184+0000] {standard_task_runner.py:104} INFO - Running: ['airflow', 'tasks', 'run', 'example_pipeline', 'start', 'manual__2026-03-11T20:26:33.716665+00:00', '--job-id', '3', '--raw', '--subdir', 'DAGS_FOLDER/example_pipeline.py', '--cfg-path', '/tmp/tmpdwcdzs42']
[2026-03-11T20:26:36.186+0000] {logging_mixin.py:190} WARNING - /home/airflow/.local/lib/python3.12/site-packages/airflow/task/task_runner/standard_task_runner.py:70 DeprecationWarning: This process (pid=342) is multi-threaded, use of fork() may lead to deadlocks in the child.
[2026-03-11T20:26:36.187+0000] {standard_task_runner.py:105} INFO - Job 3: Subtask start
[2026-03-11T20:26:36.187+0000] {standard_task_runner.py:72} INFO - Started process 343 to run task
[2026-03-11T20:26:36.263+0000] {task_command.py:467} INFO - Running <TaskInstance: example_pipeline.start manual__2026-03-11T20:26:33.716665+00:00 [running]> on host 4372ae45d065
[2026-03-11T20:26:36.376+0000] {taskinstance.py:3132} INFO - Exporting env vars: AIRFLOW_CTX_DAG_OWNER='airflow' AIRFLOW_CTX_DAG_ID='example_pipeline' AIRFLOW_CTX_TASK_ID='start' AIRFLOW_CTX_EXECUTION_DATE='2026-03-11T20:26:33.716665+00:00' AIRFLOW_CTX_TRY_NUMBER='1' AIRFLOW_CTX_DAG_RUN_ID='manual__2026-03-11T20:26:33.716665+00:00'
[2026-03-11T20:26:36.379+0000] {taskinstance.py:731} INFO - ::endgroup::
[2026-03-11T20:26:36.473+0000] {subprocess.py:78} INFO - Tmp dir root location: /tmp
[2026-03-11T20:26:36.475+0000] {subprocess.py:88} INFO - Running command: ['/usr/bin/bash', '-c', "echo 'Pipeline started'"]
[2026-03-11T20:26:36.490+0000] {subprocess.py:99} INFO - Output:
[2026-03-11T20:26:36.508+0000] {subprocess.py:106} INFO - Pipeline started
[2026-03-11T20:26:36.509+0000] {subprocess.py:110} INFO - Command exited with return code 0
[2026-03-11T20:26:36.537+0000] {taskinstance.py:340} INFO - ::group::Post task execution logs
[2026-03-11T20:26:36.538+0000] {taskinstance.py:352} INFO - Marking task as SUCCESS. dag_id=example_pipeline, task_id=start, run_id=manual__2026-03-11T20:26:33.716665+00:00, execution_date=20260311T202633, start_date=20260311T202636, end_date=20260311T202636
[2026-03-11T20:26:36.576+0000] {local_task_job_runner.py:266} INFO - Task exited with return code 0
[2026-03-11T20:26:36.601+0000] {taskinstance.py:3895} INFO - 2 downstream tasks scheduled from follow-on schedule check
[2026-03-11T20:26:36.604+0000] {local_task_job_runner.py:245} INFO - ::endgroup::
